<?xml version="1.0" encoding="UTF-8"?>
<!-- Generated by org.testng.reporters.JUnitReportReporter -->
<testsuite hostname="DESKTOP-MVV1HI5" failures="0" tests="1" name="TestNG.Demo2_Test" time="0.000" errors="0" timestamp="2023-03-11T23:54:51 TRT" skipped="0">
  <testcase classname="TestNG.Demo2_Test" name="thirdTest" time="0.000"/>
  <system-out/>
</testsuite> <!-- TestNG.Demo2_Test -->
