<?xml version="1.0" encoding="UTF-8"?>
<!-- Generated by org.testng.reporters.JUnitReportReporter -->
<testsuite hostname="DESKTOP-MVV1HI5" failures="0" tests="5" name="TestNG.Demo4_Test" time="0.000" errors="0" timestamp="2023-03-11T23:54:51 TRT" skipped="1">
  <testcase classname="TestNG.Demo4_Test" name="LoginAPIHomeLoan" time="0.000"/>
  <system-out/>
  <testcase classname="TestNG.Demo4_Test" name="LoginAPIHomeLoan" time="0.000"/>
  <system-out/>
  <testcase classname="TestNG.Demo4_Test" name="MobileloginHomeLoan" time="0.000"/>
  <system-out/>
  <testcase classname="TestNG.Demo4_Test" name="LoginAPIHomeLoan" time="0.000"/>
  <system-out/>
  <testcase classname="TestNG.Demo4_Test" name="WebloginHomeLoan">
    <skipped/>
  </testcase> <!-- WebloginHomeLoan -->
  <system-out/>
</testsuite> <!-- TestNG.Demo4_Test -->
