<?xml version="1.0" encoding="UTF-8"?>
<!-- Generated by org.testng.reporters.JUnitReportReporter -->
<testsuite hostname="DESKTOP-MVV1HI5" failures="0" tests="3" name="TestNG.Demo3_Test" time="0.003" errors="0" timestamp="2023-03-11T23:54:51 TRT" skipped="0">
  <testcase classname="TestNG.Demo3_Test" name="WebloginCarLoan" time="0.000"/>
  <system-out/>
  <testcase classname="TestNG.Demo3_Test" name="LoginAPICarLoan" time="0.002"/>
  <system-out/>
  <testcase classname="TestNG.Demo3_Test" name="MobileloginCarLoan" time="0.001"/>
  <system-out/>
</testsuite> <!-- TestNG.Demo3_Test -->
